<?xml version="1.0" encoding="UTF-8" ?>

<testsuite failures="0" time="0.028" errors="0" skipped="0" tests="2" name="BasicTest">
  <testcase classname="BasicTest" name="createAndRetrieveDataset" time="0.02">
      </testcase>
  <testcase classname="BasicTest" name="deleteTemporaryDirectoryTest" time="0.008">
      </testcase>
</testsuite>
